2020-02-19 04:41:13 - admin - 1 - User Login -  / USER - admin ID - 1 / Date 2020-02-19 04:41:13 - ::1
2020-02-19 09:03:13 - admin - 1 - User Login -  / USER - admin ID - 1 / Date 2020-02-19 09:03:13 - ::1
2020-02-19 17:26:32 - admin - 1 - User Login -  / USER - admin ID - 1 / Date 2020-02-19 17:26:32 - ::1
2020-02-19 17:53:06 - Administrator - 1 - User LogOut -  / USER - Administrator ID - 1 / Date 2020-02-19 17:53:06 - ::1
2020-02-19 17:53:10 - admin - 1 - User Login -  / USER - admin ID - 1 / Date 2020-02-19 17:53:10 - ::1
2020-02-19 19:27:15 - Administrator - 1 - User LogOut -  / USER - Administrator ID - 1 / Date 2020-02-19 19:27:15 - ::1
2020-02-19 19:27:19 - admin - 1 - User Login -  / USER - admin ID - 1 / Date 2020-02-19 19:27:19 - ::1
2020-02-19 19:28:13 - Administrator - 1 - User LogOut -  / USER - Administrator ID - 1 / Date 2020-02-19 19:28:13 - ::1
2020-02-19 19:28:16 - admin - 1 - User Login -  / USER - admin ID - 1 / Date 2020-02-19 19:28:16 - ::1
2020-02-19 19:36:00 - Administrator - 1 - User LogOut -  / USER - Administrator ID - 1 / Date 2020-02-19 19:36:00 - ::1
2020-02-19 19:36:03 - admin - 1 - User Login -  / USER - admin ID - 1 / Date 2020-02-19 19:36:03 - ::1
2020-02-19 19:37:55 - Administrator - 1 - User LogOut -  / USER - Administrator ID - 1 / Date 2020-02-19 19:37:55 - ::1
2020-02-19 19:38:11 - admin - 1 - User Login -  / USER - admin ID - 1 / Date 2020-02-19 19:38:11 - ::1
2020-02-19 19:38:16 - Administrator - 1 - User LogOut -  / USER - Administrator ID - 1 / Date 2020-02-19 19:38:16 - ::1
2020-02-19 19:38:25 - Manager - 2 - Login Failed | Incorrect Password | User Name=Manager - ::1
2020-02-19 19:38:37 - Manager - 2 - User Login -  / USER - Manager ID - 2 / Date 2020-02-19 19:38:37 - ::1
2020-02-19 19:38:54 - manager - 2 - User LogOut -  / USER - manager ID - 2 / Date 2020-02-19 19:38:54 - ::1
2020-02-19 19:39:04 - Manager - 2 - User Login -  / USER - Manager ID - 2 / Date 2020-02-19 19:39:04 - ::1
2020-02-19 19:40:24 - manager - 2 - User LogOut -  / USER - manager ID - 2 / Date 2020-02-19 19:40:24 - ::1
2020-02-19 19:40:39 - operator1 - 3 - User Login -  / USER - operator1 ID - 3 / Date 2020-02-19 19:40:39 - ::1
